<?xml version="1.0" encoding="UTF-8"?>
<testsuite xmlns:xsi="http://www.w3.org/2001/XMLSchema-instance" xsi:noNamespaceSchemaLocation="https://maven.apache.org/surefire/maven-surefire-plugin/xsd/surefire-test-report-3.0.xsd" version="3.0" name="org.example.testRunner.Runner" time="227.609" tests="17" errors="0" skipped="0" failures="3">
  <properties>
[...]
</properties>
  <testcase name="runScenario[&quot;guest user could register with valid data successfully&quot;, &quot;F01_Register | User could register with new account&quot;](1)" classname="org.example.testRunner.Runner" time="18.67">
    <system-err><![CDATA[SLF4J: Failed to load class "org.slf4j.impl.StaticLoggerBinder".
SLF4J: Defaulting to no-operation (NOP) logger implementation
SLF4J: See http://www.slf4j.org/codes.html#StaticLoggerBinder for further details.
Starting ChromeDriver 103.0.5060.53 (a1711811edd74ff1cf2150f36ffa3b0dae40b17f-refs/branch-heads/5060@{#853}) on port 62709
Only local connections are allowed.
Please see https://chromedriver.chromium.org/security-considerations for suggestions on keeping ChromeDriver safe.
ChromeDriver was started successfully.
Jul 15, 2022 10:20:48 AM org.openqa.selenium.remote.ProtocolHandshake createSession
INFO: Detected upstream dialect: W3C
Jul 15, 2022 10:20:48 AM org.openqa.selenium.devtools.CdpVersionFinder findNearestMatch
INFO: Found exact CDP implementation for version 103
]]></system-err>
  </testcase>
  <testcase name="runScenario[&quot;user login with valid email and password&quot;, &quot;F02_Login | users could use login functionality to use their accounts&quot;](2)" classname="org.example.testRunner.Runner" time="22.171">
    <system-err><![CDATA[Starting ChromeDriver 103.0.5060.53 (a1711811edd74ff1cf2150f36ffa3b0dae40b17f-refs/branch-heads/5060@{#853}) on port 61531
Only local connections are allowed.
Please see https://chromedriver.chromium.org/security-considerations for suggestions on keeping ChromeDriver safe.
ChromeDriver was started successfully.
Jul 15, 2022 10:21:04 AM org.openqa.selenium.remote.ProtocolHandshake createSession
INFO: Detected upstream dialect: W3C
Jul 15, 2022 10:21:04 AM org.openqa.selenium.devtools.CdpVersionFinder findNearestMatch
INFO: Found exact CDP implementation for version 103
]]></system-err>
  </testcase>
  <testcase name="runScenario[&quot;user login with invalid email and password&quot;, &quot;F02_Login | users could use login functionality to use their accounts&quot;](3)" classname="org.example.testRunner.Runner" time="13.46">
    <system-err><![CDATA[Starting ChromeDriver 103.0.5060.53 (a1711811edd74ff1cf2150f36ffa3b0dae40b17f-refs/branch-heads/5060@{#853}) on port 63179
Only local connections are allowed.
Please see https://chromedriver.chromium.org/security-considerations for suggestions on keeping ChromeDriver safe.
ChromeDriver was started successfully.
Jul 15, 2022 10:21:26 AM org.openqa.selenium.remote.ProtocolHandshake createSession
INFO: Detected upstream dialect: W3C
Jul 15, 2022 10:21:26 AM org.openqa.selenium.devtools.CdpVersionFinder findNearestMatch
INFO: Found exact CDP implementation for version 103
]]></system-err>
  </testcase>
  <testcase name="runScenario[&quot;guest user can choose € currency&quot;, &quot;F03_ChangeCurrency | user can change the currency [$, €]&quot;](4)" classname="org.example.testRunner.Runner" time="8.512">
    <system-err><![CDATA[Starting ChromeDriver 103.0.5060.53 (a1711811edd74ff1cf2150f36ffa3b0dae40b17f-refs/branch-heads/5060@{#853}) on port 49232
Only local connections are allowed.
Please see https://chromedriver.chromium.org/security-considerations for suggestions on keeping ChromeDriver safe.
ChromeDriver was started successfully.
Jul 15, 2022 10:21:39 AM org.openqa.selenium.remote.ProtocolHandshake createSession
INFO: Detected upstream dialect: W3C
Jul 15, 2022 10:21:39 AM org.openqa.selenium.devtools.CdpVersionFinder findNearestMatch
INFO: Found exact CDP implementation for version 103
]]></system-err>
  </testcase>
  <testcase name="runScenario[&quot;user could search using &quot;Product Name&quot;&quot;, &quot;F04_Search | user will be able to search for products with different parameters&quot;](5)" classname="org.example.testRunner.Runner" time="11.131">
    <system-err><![CDATA[Starting ChromeDriver 103.0.5060.53 (a1711811edd74ff1cf2150f36ffa3b0dae40b17f-refs/branch-heads/5060@{#853}) on port 51921
Only local connections are allowed.
Please see https://chromedriver.chromium.org/security-considerations for suggestions on keeping ChromeDriver safe.
ChromeDriver was started successfully.
Jul 15, 2022 10:21:48 AM org.openqa.selenium.remote.ProtocolHandshake createSession
INFO: Detected upstream dialect: W3C
Jul 15, 2022 10:21:48 AM org.openqa.selenium.devtools.CdpVersionFinder findNearestMatch
INFO: Found exact CDP implementation for version 103
]]></system-err>
  </testcase>
  <testcase name="runScenario[&quot;user search using &quot;SKU&quot;&quot;, &quot;F04_Search | user will be able to search for products with different parameters&quot;](6)" classname="org.example.testRunner.Runner" time="8.256">
    <system-err><![CDATA[Starting ChromeDriver 103.0.5060.53 (a1711811edd74ff1cf2150f36ffa3b0dae40b17f-refs/branch-heads/5060@{#853}) on port 64363
Only local connections are allowed.
Please see https://chromedriver.chromium.org/security-considerations for suggestions on keeping ChromeDriver safe.
ChromeDriver was started successfully.
Jul 15, 2022 10:21:59 AM org.openqa.selenium.remote.ProtocolHandshake createSession
INFO: Detected upstream dialect: W3C
Jul 15, 2022 10:21:59 AM org.openqa.selenium.devtools.CdpVersionFinder findNearestMatch
INFO: Found exact CDP implementation for version 103
]]></system-err>
  </testcase>
  <testcase name="runScenario[&quot;user search using invalid &quot;product name&quot;&quot;, &quot;F04_Search | user will be able to search for products with different parameters&quot;](7)" classname="org.example.testRunner.Runner" time="8.285">
    <system-err><![CDATA[Starting ChromeDriver 103.0.5060.53 (a1711811edd74ff1cf2150f36ffa3b0dae40b17f-refs/branch-heads/5060@{#853}) on port 50102
Only local connections are allowed.
Please see https://chromedriver.chromium.org/security-considerations for suggestions on keeping ChromeDriver safe.
ChromeDriver was started successfully.
Jul 15, 2022 10:22:07 AM org.openqa.selenium.remote.ProtocolHandshake createSession
INFO: Detected upstream dialect: W3C
Jul 15, 2022 10:22:07 AM org.openqa.selenium.devtools.CdpVersionFinder findNearestMatch
INFO: Found exact CDP implementation for version 103
]]></system-err>
  </testcase>
  <testcase name="runScenario[&quot;user could hover categories&quot;, &quot;F05_HoverCategories  |  user could hover on categories and select one from them&quot;](8)" classname="org.example.testRunner.Runner" time="12.452">
    <system-err><![CDATA[Starting ChromeDriver 103.0.5060.53 (a1711811edd74ff1cf2150f36ffa3b0dae40b17f-refs/branch-heads/5060@{#853}) on port 57503
Only local connections are allowed.
Please see https://chromedriver.chromium.org/security-considerations for suggestions on keeping ChromeDriver safe.
ChromeDriver was started successfully.
Jul 15, 2022 10:22:16 AM org.openqa.selenium.remote.ProtocolHandshake createSession
INFO: Detected upstream dialect: W3C
Jul 15, 2022 10:22:16 AM org.openqa.selenium.devtools.CdpVersionFinder findNearestMatch
INFO: Found exact CDP implementation for version 103
]]></system-err>
  </testcase>
  <testcase name="runScenario[&quot;First slider clickable on homepage&quot;, &quot;F06_HomeSliders | users will be able to open sliders in home page&quot;](9)" classname="org.example.testRunner.Runner" time="11.187">
    <failure message="First Slide URL expected [https://demo.nopcommerce.com/nokia-lumia-1020] but found [https://demo.nopcommerce.com/]" type="java.lang.AssertionError"><![CDATA[java.lang.AssertionError: First Slide URL expected [https://demo.nopcommerce.com/nokia-lumia-1020] but found [https://demo.nopcommerce.com/]
	at org.testng.Assert.fail(Assert.java:110)
	at org.testng.Assert.failNotEquals(Assert.java:1413)
	at org.testng.Assert.assertEqualsImpl(Assert.java:149)
	at org.testng.Assert.assertEquals(Assert.java:131)
	at org.testng.Assert.assertEquals(Assert.java:655)
	at org.example.stepDefs.D06_HomeSlider.step2(D06_HomeSlider.java:23)
	at ✽.the product for first slider is displayed(file:///D:/QC%20Team/PICS/DemoTestAutomationE-Commerce/src/main/resources/Featuers/F06_HomeSlider.feature:6)
]]></failure>
    <system-err><![CDATA[Starting ChromeDriver 103.0.5060.53 (a1711811edd74ff1cf2150f36ffa3b0dae40b17f-refs/branch-heads/5060@{#853}) on port 55201
Only local connections are allowed.
Please see https://chromedriver.chromium.org/security-considerations for suggestions on keeping ChromeDriver safe.
ChromeDriver was started successfully.
Jul 15, 2022 10:22:28 AM org.openqa.selenium.remote.ProtocolHandshake createSession
INFO: Detected upstream dialect: W3C
Jul 15, 2022 10:22:28 AM org.openqa.selenium.devtools.CdpVersionFinder findNearestMatch
INFO: Found exact CDP implementation for version 103
]]></system-err>
  </testcase>
  <testcase name="runScenario[&quot;Second slider clickable on homepage&quot;, &quot;F06_HomeSliders | users will be able to open sliders in home page&quot;](10)" classname="org.example.testRunner.Runner" time="10.84">
    <failure message="The Second Slide URL expected [https://demo.nopcommerce.com/iphone-6] but found [https://demo.nopcommerce.com/]" type="java.lang.AssertionError"><![CDATA[java.lang.AssertionError: The Second Slide URL expected [https://demo.nopcommerce.com/iphone-6] but found [https://demo.nopcommerce.com/]
	at org.testng.Assert.fail(Assert.java:110)
	at org.testng.Assert.failNotEquals(Assert.java:1413)
	at org.testng.Assert.assertEqualsImpl(Assert.java:149)
	at org.testng.Assert.assertEquals(Assert.java:131)
	at org.testng.Assert.assertEquals(Assert.java:655)
	at org.example.stepDefs.D06_HomeSlider.step2_2(D06_HomeSlider.java:37)
	at ✽.the product for second slider is displayed(file:///D:/QC%20Team/PICS/DemoTestAutomationE-Commerce/src/main/resources/Featuers/F06_HomeSlider.feature:11)
]]></failure>
    <system-err><![CDATA[Starting ChromeDriver 103.0.5060.53 (a1711811edd74ff1cf2150f36ffa3b0dae40b17f-refs/branch-heads/5060@{#853}) on port 54166
Only local connections are allowed.
Please see https://chromedriver.chromium.org/security-considerations for suggestions on keeping ChromeDriver safe.
ChromeDriver was started successfully.
Jul 15, 2022 10:22:39 AM org.openqa.selenium.remote.ProtocolHandshake createSession
INFO: Detected upstream dialect: W3C
Jul 15, 2022 10:22:39 AM org.openqa.selenium.devtools.CdpVersionFinder findNearestMatch
INFO: Found exact CDP implementation for version 103
]]></system-err>
  </testcase>
  <testcase name="runScenario[&quot;user opens facebook link&quot;, &quot;F07_FollowUs | users could open followUs links&quot;](11)" classname="org.example.testRunner.Runner" time="15.052">
    <system-out><![CDATA[
@smoke
Scenario: guest user could register with valid data successfully &amp#27;[90m# src/main/resources/Featuers/F01_Register.feature:4&amp#27;[0m
  &amp#27;[32mGiven &amp#27;[0m&amp#27;[32muser navigate to register page&amp#27;[0m                           &amp#27;[90m# org.example.stepDefs.D01_Register.step1()&amp#27;[0m
  &amp#27;[32mAnd &amp#27;[0m&amp#27;[32muser choose the gender&amp#27;[0m                                     &amp#27;[90m# org.example.stepDefs.D01_Register.step2()&amp#27;[0m
  &amp#27;[32mWhen &amp#27;[0m&amp#27;[32muser enter mandatory register data&amp#27;[0m                        &amp#27;[90m# org.example.stepDefs.D01_Register.step3()&amp#27;[0m
  &amp#27;[32mThen &amp#27;[0m&amp#27;[32muser click on register button&amp#27;[0m                             &amp#27;[90m# org.example.stepDefs.D01_Register.step4()&amp#27;[0m
  &amp#27;[32mAnd &amp#27;[0m&amp#27;[32muser could register successfully&amp#27;[0m                           &amp#27;[90m# org.example.stepDefs.D01_Register.SuccessfullyRegister()&amp#27;[0m

@smoke
Scenario: user login with valid email and password          &amp#27;[90m# src/main/resources/Featuers/F02_Login.feature:5&amp#27;[0m
  &amp#27;[32mWhen &amp#27;[0m&amp#27;[32muser navigate to login page&amp#27;[0m                          &amp#27;[90m# org.example.stepDefs.D02_Login.step1()&amp#27;[0m
  &amp#27;[32mAnd &amp#27;[0m&amp#27;[32muser login with "&amp#27;[0m&amp#27;[32m&amp#27;[1msalahmento@gmail.com&amp#27;[0m&amp#27;[32m" and "&amp#27;[0m&amp#27;[32m&amp#27;[1mAa123456&amp#27;[0m&amp#27;[32m"&amp#27;[0m &amp#27;[90m# org.example.stepDefs.D02_Login.step2(java.lang.String,java.lang.String)&amp#27;[0m
  &amp#27;[32mThen &amp#27;[0m&amp#27;[32muser press on login button&amp#27;[0m                           &amp#27;[90m# org.example.stepDefs.D02_Login.step3()&amp#27;[0m
  &amp#27;[32mAnd &amp#27;[0m&amp#27;[32muser login to the system successfully&amp#27;[0m                 &amp#27;[90m# org.example.stepDefs.D02_Login.step4()&amp#27;[0m

@smoke
Scenario: user login with invalid email and password         &amp#27;[90m# src/main/resources/Featuers/F02_Login.feature:12&amp#27;[0m
  &amp#27;[32mWhen &amp#27;[0m&amp#27;[32muser navigate to login page&amp#27;[0m                           &amp#27;[90m# org.example.stepDefs.D02_Login.step1()&amp#27;[0m
  &amp#27;[32mAnd &amp#27;[0m&amp#27;[32muser login with "&amp#27;[0m&amp#27;[32m&amp#27;[1msalahmento@gmail.com&amp#27;[0m&amp#27;[32m" and "&amp#27;[0m&amp#27;[32m&amp#27;[1m965231478&amp#27;[0m&amp#27;[32m"&amp#27;[0m &amp#27;[90m# org.example.stepDefs.D02_Login.step2(java.lang.String,java.lang.String)&amp#27;[0m
  &amp#27;[32mThen &amp#27;[0m&amp#27;[32muser press on login button&amp#27;[0m                            &amp#27;[90m# org.example.stepDefs.D02_Login.step3()&amp#27;[0m
  &amp#27;[32mAnd &amp#27;[0m&amp#27;[32muser could not login to the system&amp#27;[0m                     &amp#27;[90m# org.example.stepDefs.D02_Login.step5()&amp#27;[0m

@smoke
Scenario: guest user can choose â‚¬ currency            &amp#27;[90m# src/main/resources/Featuers/F03_ChangeCurrency.feature:4&amp#27;[0m
  &amp#27;[32mWhen &amp#27;[0m&amp#27;[32muser select â€œEuroâ€� from currency dropdown list&amp#27;[0m &amp#27;[90m# org.example.stepDefs.D03_ChangeCurrency.step1()&amp#27;[0m
  &amp#27;[32mThen &amp#27;[0m&amp#27;[32mAll Dollar sign $ change to euro sign â‚¬&amp#27;[0m        &amp#27;[90m# org.example.stepDefs.D03_ChangeCurrency.step2()&amp#27;[0m

@smoke
Scenario: user could search using "Product Name"              &amp#27;[90m# src/main/resources/Featuers/F04_Search.feature:5&amp#27;[0m
  &amp#27;[32mGiven &amp#27;[0m&amp#27;[32muser click on search bar&amp#27;[0m                              &amp#27;[90m# org.example.stepDefs.D04_Search.step1()&amp#27;[0m
  &amp#27;[32mWhen &amp#27;[0m&amp#27;[32muser search for product like "&amp#27;[0m&amp#27;[32m&amp#27;[1mSamsung&amp#27;[0m&amp#27;[32m"&amp#27;[0m                 &amp#27;[90m# org.example.stepDefs.D04_Search.step2(java.lang.String)&amp#27;[0m
  &amp#27;[32mAnd &amp#27;[0m&amp#27;[32muser click on the search Button&amp#27;[0m                         &amp#27;[90m# org.example.stepDefs.D04_Search.step3()&amp#27;[0m
  &amp#27;[32mThen &amp#27;[0m&amp#27;[32muser could search successfully and go to search result&amp#27;[0m &amp#27;[90m# org.example.stepDefs.D04_Search.step4()&amp#27;[0m

@smoke
Scenario: user search using "SKU"               &amp#27;[90m# src/main/resources/Featuers/F04_Search.feature:13&amp#27;[0m
  &amp#27;[32mGiven &amp#27;[0m&amp#27;[32muser click on search bar&amp#27;[0m                &amp#27;[90m# org.example.stepDefs.D04_Search.step1()&amp#27;[0m
  &amp#27;[32mWhen &amp#27;[0m&amp#27;[32muser search for product like "&amp#27;[0m&amp#27;[32m&amp#27;[1mM8_HTC_5L&amp#27;[0m&amp#27;[32m"&amp#27;[0m &amp#27;[90m# org.example.stepDefs.D04_Search.step2(java.lang.String)&amp#27;[0m
  &amp#27;[32mAnd &amp#27;[0m&amp#27;[32muser click on the search Button&amp#27;[0m           &amp#27;[90m# org.example.stepDefs.D04_Search.step3()&amp#27;[0m
  &amp#27;[32mThen &amp#27;[0m&amp#27;[32muser could search successfully with SKU&amp#27;[0m  &amp#27;[90m# org.example.stepDefs.D04_Search.step1_4()&amp#27;[0m

@smoke
Scenario: user search using invalid "product name" &amp#27;[90m# src/main/resources/Featuers/F04_Search.feature:21&amp#27;[0m
  &amp#27;[32mGiven &amp#27;[0m&amp#27;[32muser click on search bar&amp#27;[0m                   &amp#27;[90m# org.example.stepDefs.D04_Search.step1()&amp#27;[0m
  &amp#27;[32mWhen &amp#27;[0m&amp#27;[32muser search for product like "&amp#27;[0m&amp#27;[32m&amp#27;[1mCrocs&amp#27;[0m&amp#27;[32m"&amp#27;[0m        &amp#27;[90m# org.example.stepDefs.D04_Search.step2(java.lang.String)&amp#27;[0m
  &amp#27;[32mAnd &amp#27;[0m&amp#27;[32muser click on the search Button&amp#27;[0m              &amp#27;[90m# org.example.stepDefs.D04_Search.step3()&amp#27;[0m
  &amp#27;[32mThen &amp#27;[0m&amp#27;[32muser could not search&amp#27;[0m                       &amp#27;[90m# org.example.stepDefs.D04_Search.step2_3()&amp#27;[0m

@smoke
Scenario: user could hover categories             &amp#27;[90m# src/main/resources/Featuers/F05_HoverCategories.feature:4&amp#27;[0m
  &amp#27;[32mWhen &amp#27;[0m&amp#27;[32muser hover category and select subcategory&amp#27;[0m &amp#27;[90m# org.example.stepDefs.D05_HoverCategories.step1()&amp#27;[0m
  &amp#27;[32mAnd &amp#27;[0m&amp#27;[32muser click on subcategory&amp#27;[0m                   &amp#27;[90m# org.example.stepDefs.D05_HoverCategories.step2()&amp#27;[0m
  &amp#27;[32mThen &amp#27;[0m&amp#27;[32muser go to relative product page&amp#27;[0m           &amp#27;[90m# org.example.stepDefs.D05_HoverCategories.step3()&amp#27;[0m

@smoke
Scenario: First slider clickable on homepage     &amp#27;[90m# src/main/resources/Featuers/F06_HomeSlider.feature:4&amp#27;[0m
  &amp#27;[32mWhen &amp#27;[0m&amp#27;[32muser clicks on the first slider&amp#27;[0m           &amp#27;[90m# org.example.stepDefs.D06_HomeSlider.step1()&amp#27;[0m
  &amp#27;[31mThen &amp#27;[0m&amp#27;[31mthe product for first slider is displayed&amp#27;[0m &amp#27;[90m# org.example.stepDefs.D06_HomeSlider.step2()&amp#27;[0m
      &amp#27;[31mjava.lang.AssertionError: First Slide URL expected [https://demo.nopcommerce.com/nokia-lumia-1020] but found [https://demo.nopcommerce.com/]
	at org.testng.Assert.fail(Assert.java:110)
	at org.testng.Assert.failNotEquals(Assert.java:1413)
	at org.testng.Assert.assertEqualsImpl(Assert.java:149)
	at org.testng.Assert.assertEquals(Assert.java:131)
	at org.testng.Assert.assertEquals(Assert.java:655)
	at org.example.stepDefs.D06_HomeSlider.step2(D06_HomeSlider.java:23)
	at âœ½.the product for first slider is displayed(file:///D:/QC%20Team/PICS/DemoTestAutomationE-Commerce/src/main/resources/Featuers/F06_HomeSlider.feature:6)
&amp#27;[0m

@smoke
Scenario: Second slider clickable on homepage     &amp#27;[90m# src/main/resources/Featuers/F06_HomeSlider.feature:9&amp#27;[0m
  &amp#27;[32mWhen &amp#27;[0m&amp#27;[32muser clicks on the second slider&amp#27;[0m           &amp#27;[90m# org.example.stepDefs.D06_HomeSlider.step2_1()&amp#27;[0m
  &amp#27;[31mThen &amp#27;[0m&amp#27;[31mthe product for second slider is displayed&amp#27;[0m &amp#27;[90m# org.example.stepDefs.D06_HomeSlider.step2_2()&amp#27;[0m
      &amp#27;[31mjava.lang.AssertionError: The Second Slide URL expected [https://demo.nopcommerce.com/iphone-6] but found [https://demo.nopcommerce.com/]
	at org.testng.Assert.fail(Assert.java:110)
	at org.testng.Assert.failNotEquals(Assert.java:1413)
	at org.testng.Assert.assertEqualsImpl(Assert.java:149)
	at org.testng.Assert.assertEquals(Assert.java:131)
	at org.testng.Assert.assertEquals(Assert.java:655)
	at org.example.stepDefs.D06_HomeSlider.step2_2(D06_HomeSlider.java:37)
	at âœ½.the product for second slider is displayed(file:///D:/QC%20Team/PICS/DemoTestAutomationE-Commerce/src/main/resources/Featuers/F06_HomeSlider.feature:11)
&amp#27;[0m

@smoke
Scenario: user opens facebook link                                 &amp#27;[90m# src/main/resources/Featuers/F07_FollowUs.feature:12&amp#27;[0m
  &amp#27;[32mWhen &amp#27;[0m&amp#27;[32muser navigate to login page&amp#27;[0m                                 &amp#27;[90m# org.example.stepDefs.D02_Login.step1()&amp#27;[0m
  &amp#27;[32mAnd &amp#27;[0m&amp#27;[32muser login with "&amp#27;[0m&amp#27;[32m&amp#27;[1msalahmento@gmail.com&amp#27;[0m&amp#27;[32m" and "&amp#27;[0m&amp#27;[32m&amp#27;[1mAa123456&amp#27;[0m&amp#27;[32m"&amp#27;[0m        &amp#27;[90m# org.example.stepDefs.D02_Login.step2(java.lang.String,java.lang.String)&amp#27;[0m
  &amp#27;[32mThen &amp#27;[0m&amp#27;[32muser press on login button&amp#27;[0m                                  &amp#27;[90m# org.example.stepDefs.D02_Login.step3()&amp#27;[0m
  &amp#27;[32mAnd &amp#27;[0m&amp#27;[32muser login to the system successfully&amp#27;[0m                        &amp#27;[90m# org.example.stepDefs.D02_Login.step4()&amp#27;[0m
  &amp#27;[32mWhen &amp#27;[0m&amp#27;[32muser open Facebook link&amp#27;[0m                                     &amp#27;[90m# org.example.stepDefs.D07_FollowUS.step01()&amp#27;[0m
  &amp#27;[32mThen &amp#27;[0m&amp#27;[32mis opened in new tab "&amp#27;[0m&amp#27;[32m&amp#27;[1mhttps://www.facebook.com/nopCommerce&amp#27;[0m&amp#27;[32m"&amp#27;[0m &amp#27;[90m# org.ex]]></system-out>
    <system-err><![CDATA[Starting ChromeDriver 103.0.5060.53 (a1711811edd74ff1cf2150f36ffa3b0dae40b17f-refs/branch-heads/5060@{#853}) on port 63419
Only local connections are allowed.
Please see https://chromedriver.chromium.org/security-considerations for suggestions on keeping ChromeDriver safe.
ChromeDriver was started successfully.
Jul 15, 2022 10:22:50 AM org.openqa.selenium.remote.ProtocolHandshake createSession
INFO: Detected upstream dialect: W3C
Jul 15, 2022 10:22:50 AM org.openqa.selenium.devtools.CdpVersionFinder findNearestMatch
INFO: Found exact CDP implementation for version 103
]]></system-err>
  </testcase>
  <testcase name="runScenario[&quot;user opens twitter link&quot;, &quot;F07_FollowUs | users could open followUs links&quot;](12)" classname="org.example.testRunner.Runner" time="15.52">
    <system-err><![CDATA[Starting ChromeDriver 103.0.5060.53 (a1711811edd74ff1cf2150f36ffa3b0dae40b17f-refs/branch-heads/5060@{#853}) on port 54364
Only local connections are allowed.
Please see https://chromedriver.chromium.org/security-considerations for suggestions on keeping ChromeDriver safe.
ChromeDriver was started successfully.
Jul 15, 2022 10:23:05 AM org.openqa.selenium.remote.ProtocolHandshake createSession
INFO: Detected upstream dialect: W3C
Jul 15, 2022 10:23:05 AM org.openqa.selenium.devtools.CdpVersionFinder findNearestMatch
INFO: Found exact CDP implementation for version 103
]]></system-err>
  </testcase>
  <testcase name="runScenario[&quot;user opens rss link&quot;, &quot;F07_FollowUs | users could open followUs links&quot;](13)" classname="org.example.testRunner.Runner" time="15.167">
    <failure message="Index: 1, Size: 1" type="java.lang.IndexOutOfBoundsException"><![CDATA[java.lang.IndexOutOfBoundsException: Index: 1, Size: 1
	at java.util.ArrayList.rangeCheck(ArrayList.java:659)
	at java.util.ArrayList.get(ArrayList.java:435)
	at org.example.stepDefs.D07_FollowUS.step02(D07_FollowUS.java:24)
	at ✽.is opened in new tab "https://demo.nopcommerce.com/new-online-store-is-open"(file:///D:/QC%20Team/PICS/DemoTestAutomationE-Commerce/src/main/resources/Featuers/F07_FollowUs.feature:27)
]]></failure>
    <system-err><![CDATA[Starting ChromeDriver 103.0.5060.53 (a1711811edd74ff1cf2150f36ffa3b0dae40b17f-refs/branch-heads/5060@{#853}) on port 58686
Only local connections are allowed.
Please see https://chromedriver.chromium.org/security-considerations for suggestions on keeping ChromeDriver safe.
ChromeDriver was started successfully.
Jul 15, 2022 10:23:21 AM org.openqa.selenium.remote.ProtocolHandshake createSession
INFO: Detected upstream dialect: W3C
Jul 15, 2022 10:23:21 AM org.openqa.selenium.devtools.CdpVersionFinder findNearestMatch
INFO: Found exact CDP implementation for version 103
]]></system-err>
  </testcase>
  <testcase name="runScenario[&quot;user opens youtube link&quot;, &quot;F07_FollowUs | users could open followUs links&quot;](14)" classname="org.example.testRunner.Runner" time="14.832">
    <system-err><![CDATA[Starting ChromeDriver 103.0.5060.53 (a1711811edd74ff1cf2150f36ffa3b0dae40b17f-refs/branch-heads/5060@{#853}) on port 57371
Only local connections are allowed.
Please see https://chromedriver.chromium.org/security-considerations for suggestions on keeping ChromeDriver safe.
ChromeDriver was started successfully.
Jul 15, 2022 10:23:36 AM org.openqa.selenium.remote.ProtocolHandshake createSession
INFO: Detected upstream dialect: W3C
Jul 15, 2022 10:23:36 AM org.openqa.selenium.devtools.CdpVersionFinder findNearestMatch
INFO: Found exact CDP implementation for version 103
]]></system-err>
  </testcase>
  <testcase name="runScenario[&quot;success message is visible after adding item to wishlist&quot;, &quot;F08_WishList  |  Login user could add products to wishlist&quot;](15)" classname="org.example.testRunner.Runner" time="12.047">
    <system-err><![CDATA[Starting ChromeDriver 103.0.5060.53 (a1711811edd74ff1cf2150f36ffa3b0dae40b17f-refs/branch-heads/5060@{#853}) on port 58092
Only local connections are allowed.
Please see https://chromedriver.chromium.org/security-considerations for suggestions on keeping ChromeDriver safe.
ChromeDriver was started successfully.
Jul 15, 2022 10:23:51 AM org.openqa.selenium.remote.ProtocolHandshake createSession
INFO: Detected upstream dialect: W3C
Jul 15, 2022 10:23:51 AM org.openqa.selenium.devtools.CdpVersionFinder findNearestMatch
INFO: Found exact CDP implementation for version 103
]]></system-err>
  </testcase>
  <testcase name="runScenario[&quot;number of wishlist items in home page is increased&quot;, &quot;F08_WishList  |  Login user could add products to wishlist&quot;](16)" classname="org.example.testRunner.Runner" time="13.612">
    <system-err><![CDATA[Starting ChromeDriver 103.0.5060.53 (a1711811edd74ff1cf2150f36ffa3b0dae40b17f-refs/branch-heads/5060@{#853}) on port 51644
Only local connections are allowed.
Please see https://chromedriver.chromium.org/security-considerations for suggestions on keeping ChromeDriver safe.
ChromeDriver was started successfully.
Jul 15, 2022 10:24:03 AM org.openqa.selenium.remote.ProtocolHandshake createSession
INFO: Detected upstream dialect: W3C
Jul 15, 2022 10:24:03 AM org.openqa.selenium.devtools.CdpVersionFinder findNearestMatch
INFO: Found exact CDP implementation for version 103
]]></system-err>
  </testcase>
  <testcase name="runScenario[&quot;added items are displayed on wishlist&quot;, &quot;F08_WishList  |  Login user could add products to wishlist&quot;](17)" classname="org.example.testRunner.Runner" time="14.983">
    <system-err><![CDATA[Starting ChromeDriver 103.0.5060.53 (a1711811edd74ff1cf2150f36ffa3b0dae40b17f-refs/branch-heads/5060@{#853}) on port 58041
Only local connections are allowed.
Please see https://chromedriver.chromium.org/security-considerations for suggestions on keeping ChromeDriver safe.
ChromeDriver was started successfully.
Jul 15, 2022 10:24:17 AM org.openqa.selenium.remote.ProtocolHandshake createSession
INFO: Detected upstream dialect: W3C
Jul 15, 2022 10:24:17 AM org.openqa.selenium.devtools.CdpVersionFinder findNearestMatch
INFO: Found exact CDP implementation for version 103
]]></system-err>
  </testcase>
</testsuite>